         [,1]
G1  0.6046824
G2  0.1231706
G3  0.3287936
G4  0.6047832
G5  0.1464854
G6  0.3258775
G7  0.4967330
G8  0.6496271
G9  0.6140849
G10 0.7481792
           G1        G2        G3        G4        G5        G6        G7
G1  0.0000000 0.7331094 0.7070529 0.8450825 0.8780137 0.6164494 0.6906661
G2  0.3726836 0.0000000 0.1391272 0.1071007 0.1364529 0.3975987 0.0855962
G3  0.2643345 0.3771581 0.0000000 0.6167796 0.4261411 0.4614097 0.3150332
G4  0.3623740 0.6002870 0.3730533 0.0000000 0.5616994 0.6272800 0.2712395
G5  0.8043362 0.1510230 0.0791767 0.1489169 0.0000000 0.0947163 0.0843933
G6  0.3751750 0.3396784 0.4025691 0.2836348 0.3271487 0.0000000 0.3024242
G7  0.8300751 0.5208251 0.6641803 0.1099868 0.5416993 0.4606635 0.0000000
G8  0.7745205 0.6787224 0.8045297 0.6342242 0.5681723 0.5924707 0.7503346
G9  0.6211513 0.7350115 0.7220312 0.5874284 0.7343038 0.7374282 0.8041040
G10 0.7196954 0.7922641 0.6658928 0.7160394 0.7933364 0.7962721 0.6355293
           G8        G9       G10
G1  0.7996258 0.7928387 0.7939821
G2  0.2786197 0.1223010 0.1399857
G3  0.3753798 0.2351013 0.4215866
G4  0.6637898 0.3983948 0.3636434
G5  0.1194226 0.1357722 0.1241278
G6  0.6322827 0.2983418 0.3397100
G7  0.5464286 0.6929004 0.6154742
G8  0.0000000 0.7674369 0.6776090
G9  0.7722994 0.0000000 0.7247379
G10 0.6917469 0.0362879 0.0000000
           G1        G2        G3        G4        G5        G6        G7
G1  0.3898410 0.8357763 0.6812331 0.6802011 0.6363000 0.6742165 0.7705951
G2  0.0722337 0.0357751 0.0840938 0.0607266 0.0750232 0.1150666 0.1163645
G3  0.3478002 0.4121334 0.2647904 0.4119282 0.4103195 0.3249278 0.2482135
G4  0.6396958 0.6607454 0.7067496 0.4466983 0.7210109 0.6523474 0.5218381
G5  0.3456091 0.1485260 0.1658057 0.0742647 0.1224172 0.1544049 0.1092644
G6  0.3160643 0.3326363 0.2568047 0.2900926 0.2532243 0.1630253 0.2745215
G7  0.6244579 0.4636410 0.5354631 0.4754313 0.4780143 0.5961106 0.3586357
G8  0.6492305 0.8164285 0.7055173 0.5998749 0.6185092 0.7112882 0.6390914
G9  0.6661835 0.7763790 0.6845420 0.6775331 0.6573481 0.7959911 0.6551592
G10 0.6923661 0.5841345 0.7791802 0.7786995 0.6908296 0.6985576 0.6830314
           G8        G9       G10
G1  0.8163943 0.7477993 0.6891057
G2  0.1783586 0.1089892 0.1386172
G3  0.5012037 0.4137001 0.4537613
G4  0.6765084 0.7156928 0.7476172
G5  0.1001786 0.1153215 0.0827235
G6  0.5216254 0.2276353 0.3004501
G7  0.4134679 0.6016538 0.6386655
G8  0.3217026 0.7493981 0.6910927
G9  0.6653574 0.4156160 0.8119234
G10 0.6734377 0.6208126 0.2645752
         X0.0    X0.0.1    X0.0.2    X0.0.3    X0.0.4
G1  0.6665114 0.6927804 0.7025546 0.7291507 0.7147163
G2  0.1272186 0.1735119 0.0965407 0.1646974 0.0789012
G3  0.3550646 0.3080785 0.4955336 0.5393216 0.4215624
G4  0.7745716 0.5990709 0.6290043 0.7087402 0.6301302
G5  0.1004299 0.1445523 0.1394119 0.1237001 0.0850342
G6  0.2754930 0.2494241 0.2777284 0.2432843 0.3092021
G7  0.6067846 0.5905584 0.5852446 0.3970339 0.4516194
G8  0.7430983 0.6367970 0.6987308 0.7599215 0.6951692
G9  0.6656366 0.6891143 0.7189792 0.6285854 0.8362663
G10 0.6950638 0.6944974 0.6317014 0.6076601 0.6439763
[1] "All SDs calculated.  Getting ZScores."
            G1          G2          G3         G4          G5           G6
G1   0.0000000  0.32573468  0.02588268  1.6142945  1.99325888 -1.016760831
G2   2.2809800  0.00000000  0.17821430 -0.1101282  0.15413692  2.505296790
G3  -1.5280652 -0.19579250  0.00000000  2.6337679  0.38262120  0.799088982
G4  -1.5855823 -0.16618482 -1.52186922  0.0000000 -0.39639983 -0.005143618
G5  12.1892249  0.50033023 -0.78512342  0.4626485  0.00000000 -0.507093297
G6   1.0732792  0.57053126  1.46126929 -0.2232294  0.39306972  0.000000000
G7   2.7990890 -0.17050410  1.20607346 -4.1156054  0.02994176 -0.748209741
G8   1.0402454 -0.07179848  1.38859827 -0.5883426 -1.35508655 -1.073025773
G9  -0.8231834  0.60392258  0.44122953 -1.2458609  0.59505238  0.634213122
G10  0.3482169  1.23776917 -0.31129924  0.3034014  1.25091350  1.286899517
             G7           G8          G9         G10
G1  -0.16269271  1.091189583  1.01308525  1.02624323
G2  -0.30373846  1.434099589  0.02672388  0.18594359
G3  -0.92939177 -0.216791481 -1.87326426  0.32883958
G4  -2.12929400  0.212675158 -1.37068093 -1.57800902
G5  -0.69178949 -0.065055177  0.22746723  0.01912893
G6   0.04288993  4.714765274 -0.01493021  0.57097882
G7   0.00000000  0.075355165  1.48186007  0.73836999
G8   0.75949052  0.000000000  0.95801750 -0.08472305
G9   1.46991718  1.071283295  0.00000000  0.47515488
G10 -0.68349718  0.005622164 -8.02904098  0.00000000
